<?xml version="1.0" encoding="UTF-8"?>
<!-- Generated by org.testng.reporters.JUnitXMLReporter -->
<testsuite hostname="user-PC" ignored="0" name="Default test" tests="3" failures="0" timestamp="22 Mar 2021 15:11:44 GMT" time="54.804" errors="0">
  <testcase name="test1" time="21.074" classname="org.testng.test.TestNgAdactinHotel"/>
  <testcase name="test1" time="15.185" classname="org.testng.test.TestNgAdactinHotel"/>
  <testcase name="test1" time="14.964" classname="org.testng.test.TestNgAdactinHotel"/>
</testsuite> <!-- Default test -->
