<?xml version="1.0" encoding="UTF-8"?>
<testng-results skipped="0" failed="0" ignored="0" total="3" passed="3">
  <reporter-output>
  </reporter-output>
  <suite name="Default suite" duration-ms="54804" started-at="2021-03-22T15:10:49Z" finished-at="2021-03-22T15:11:43Z">
    <groups>
    </groups>
    <test name="Default test" duration-ms="54804" started-at="2021-03-22T15:10:49Z" finished-at="2021-03-22T15:11:43Z">
      <class name="org.testng.test.TestNgAdactinHotel">
        <test-method status="PASS" signature="beforeClass()[pri:0, instance:org.testng.test.TestNgAdactinHotel@d80b78]" name="beforeClass" is-config="true" duration-ms="3452" started-at="2021-03-22T15:10:49Z" finished-at="2021-03-22T15:10:52Z">
          <reporter-output>
          </reporter-output>
        </test-method> <!-- beforeClass -->
        <test-method status="PASS" signature="before()[pri:0, instance:org.testng.test.TestNgAdactinHotel@d80b78]" name="before" is-config="true" duration-ms="6" started-at="2021-03-22T15:10:52Z" finished-at="2021-03-22T15:10:52Z">
          <reporter-output>
          </reporter-output>
        </test-method> <!-- before -->
        <test-method status="PASS" signature="test1(java.lang.String, java.lang.String, java.lang.String, java.lang.String, java.lang.String, java.lang.String, java.lang.String, java.lang.String, java.lang.String, java.lang.String, java.lang.String, java.lang.String, java.lang.String, java.lang.String, java.lang.String, java.lang.String, java.lang.String, java.lang.String)[pri:0, instance:org.testng.test.TestNgAdactinHotel@d80b78]" name="test1" duration-ms="21074" started-at="2021-03-22T15:10:52Z" data-provider="adactinlogin" finished-at="2021-03-22T15:11:13Z">
          <params>
            <param index="0">
              <value>
                <![CDATA[devendrandeva]]>
              </value>
            </param>
            <param index="1">
              <value>
                <![CDATA[1234567890]]>
              </value>
            </param>
            <param index="2">
              <value>
                <![CDATA[New York]]>
              </value>
            </param>
            <param index="3">
              <value>
                <![CDATA[Hotel Sunshine]]>
              </value>
            </param>
            <param index="4">
              <value>
                <![CDATA[Super Deluxe]]>
              </value>
            </param>
            <param index="5">
              <value>
                <![CDATA[1]]>
              </value>
            </param>
            <param index="6">
              <value>
                <![CDATA[20/03/2021]]>
              </value>
            </param>
            <param index="7">
              <value>
                <![CDATA[21/03/2021]]>
              </value>
            </param>
            <param index="8">
              <value>
                <![CDATA[2]]>
              </value>
            </param>
            <param index="9">
              <value>
                <![CDATA[0]]>
              </value>
            </param>
            <param index="10">
              <value>
                <![CDATA[devendran]]>
              </value>
            </param>
            <param index="11">
              <value>
                <![CDATA[veeraraj]]>
              </value>
            </param>
            <param index="12">
              <value>
                <![CDATA[chennai]]>
              </value>
            </param>
            <param index="13">
              <value>
                <![CDATA[1234567890123456]]>
              </value>
            </param>
            <param index="14">
              <value>
                <![CDATA[VISA]]>
              </value>
            </param>
            <param index="15">
              <value>
                <![CDATA[4]]>
              </value>
            </param>
            <param index="16">
              <value>
                <![CDATA[2013]]>
              </value>
            </param>
            <param index="17">
              <value>
                <![CDATA[890]]>
              </value>
            </param>
          </params>
          <reporter-output>
          </reporter-output>
        </test-method> <!-- test1 -->
        <test-method status="PASS" signature="before()[pri:0, instance:org.testng.test.TestNgAdactinHotel@d80b78]" name="before" is-config="true" duration-ms="0" started-at="2021-03-22T15:11:13Z" finished-at="2021-03-22T15:11:13Z">
          <reporter-output>
          </reporter-output>
        </test-method> <!-- before -->
        <test-method status="PASS" signature="after()[pri:0, instance:org.testng.test.TestNgAdactinHotel@d80b78]" name="after" is-config="true" duration-ms="0" started-at="2021-03-22T15:11:13Z" finished-at="2021-03-22T15:11:13Z">
          <reporter-output>
          </reporter-output>
        </test-method> <!-- after -->
        <test-method status="PASS" signature="test1(java.lang.String, java.lang.String, java.lang.String, java.lang.String, java.lang.String, java.lang.String, java.lang.String, java.lang.String, java.lang.String, java.lang.String, java.lang.String, java.lang.String, java.lang.String, java.lang.String, java.lang.String, java.lang.String, java.lang.String, java.lang.String)[pri:0, instance:org.testng.test.TestNgAdactinHotel@d80b78]" name="test1" duration-ms="15185" started-at="2021-03-22T15:11:13Z" data-provider="adactinlogin" finished-at="2021-03-22T15:11:29Z">
          <params>
            <param index="0">
              <value>
                <![CDATA[srinivasan26]]>
              </value>
            </param>
            <param index="1">
              <value>
                <![CDATA[123456789]]>
              </value>
            </param>
            <param index="2">
              <value>
                <![CDATA[Paris]]>
              </value>
            </param>
            <param index="3">
              <value>
                <![CDATA[Hotel Cornice]]>
              </value>
            </param>
            <param index="4">
              <value>
                <![CDATA[Super Deluxe]]>
              </value>
            </param>
            <param index="5">
              <value>
                <![CDATA[1]]>
              </value>
            </param>
            <param index="6">
              <value>
                <![CDATA[21/03/2021]]>
              </value>
            </param>
            <param index="7">
              <value>
                <![CDATA[22/03/2021]]>
              </value>
            </param>
            <param index="8">
              <value>
                <![CDATA[2]]>
              </value>
            </param>
            <param index="9">
              <value>
                <![CDATA[0]]>
              </value>
            </param>
            <param index="10">
              <value>
                <![CDATA[nivas]]>
              </value>
            </param>
            <param index="11">
              <value>
                <![CDATA[m]]>
              </value>
            </param>
            <param index="12">
              <value>
                <![CDATA[chrompet]]>
              </value>
            </param>
            <param index="13">
              <value>
                <![CDATA[1234567890123456]]>
              </value>
            </param>
            <param index="14">
              <value>
                <![CDATA[VISA]]>
              </value>
            </param>
            <param index="15">
              <value>
                <![CDATA[4]]>
              </value>
            </param>
            <param index="16">
              <value>
                <![CDATA[2013]]>
              </value>
            </param>
            <param index="17">
              <value>
                <![CDATA[890]]>
              </value>
            </param>
          </params>
          <reporter-output>
          </reporter-output>
        </test-method> <!-- test1 -->
        <test-method status="PASS" signature="after()[pri:0, instance:org.testng.test.TestNgAdactinHotel@d80b78]" name="after" is-config="true" duration-ms="0" started-at="2021-03-22T15:11:29Z" finished-at="2021-03-22T15:11:29Z">
          <reporter-output>
          </reporter-output>
        </test-method> <!-- after -->
        <test-method status="PASS" signature="test1(java.lang.String, java.lang.String, java.lang.String, java.lang.String, java.lang.String, java.lang.String, java.lang.String, java.lang.String, java.lang.String, java.lang.String, java.lang.String, java.lang.String, java.lang.String, java.lang.String, java.lang.String, java.lang.String, java.lang.String, java.lang.String)[pri:0, instance:org.testng.test.TestNgAdactinHotel@d80b78]" name="test1" duration-ms="14964" started-at="2021-03-22T15:11:29Z" data-provider="adactinlogin" finished-at="2021-03-22T15:11:43Z">
          <params>
            <param index="0">
              <value>
                <![CDATA[jkishore92]]>
              </value>
            </param>
            <param index="1">
              <value>
                <![CDATA[1234567890]]>
              </value>
            </param>
            <param index="2">
              <value>
                <![CDATA[Los Angeles]]>
              </value>
            </param>
            <param index="3">
              <value>
                <![CDATA[Hotel Hervey]]>
              </value>
            </param>
            <param index="4">
              <value>
                <![CDATA[Super Deluxe]]>
              </value>
            </param>
            <param index="5">
              <value>
                <![CDATA[1]]>
              </value>
            </param>
            <param index="6">
              <value>
                <![CDATA[22/03/2021]]>
              </value>
            </param>
            <param index="7">
              <value>
                <![CDATA[23/03/2021]]>
              </value>
            </param>
            <param index="8">
              <value>
                <![CDATA[2]]>
              </value>
            </param>
            <param index="9">
              <value>
                <![CDATA[0]]>
              </value>
            </param>
            <param index="10">
              <value>
                <![CDATA[kishore]]>
              </value>
            </param>
            <param index="11">
              <value>
                <![CDATA[j]]>
              </value>
            </param>
            <param index="12">
              <value>
                <![CDATA[porur]]>
              </value>
            </param>
            <param index="13">
              <value>
                <![CDATA[1234567890123456]]>
              </value>
            </param>
            <param index="14">
              <value>
                <![CDATA[VISA]]>
              </value>
            </param>
            <param index="15">
              <value>
                <![CDATA[4]]>
              </value>
            </param>
            <param index="16">
              <value>
                <![CDATA[2013]]>
              </value>
            </param>
            <param index="17">
              <value>
                <![CDATA[890]]>
              </value>
            </param>
          </params>
          <reporter-output>
          </reporter-output>
        </test-method> <!-- test1 -->
        <test-method status="PASS" signature="before()[pri:0, instance:org.testng.test.TestNgAdactinHotel@d80b78]" name="before" is-config="true" duration-ms="0" started-at="2021-03-22T15:11:29Z" finished-at="2021-03-22T15:11:29Z">
          <reporter-output>
          </reporter-output>
        </test-method> <!-- before -->
        <test-method status="PASS" signature="afterClass()[pri:0, instance:org.testng.test.TestNgAdactinHotel@d80b78]" name="afterClass" is-config="true" duration-ms="0" started-at="2021-03-22T15:11:43Z" finished-at="2021-03-22T15:11:43Z">
          <reporter-output>
          </reporter-output>
        </test-method> <!-- afterClass -->
        <test-method status="PASS" signature="after()[pri:0, instance:org.testng.test.TestNgAdactinHotel@d80b78]" name="after" is-config="true" duration-ms="0" started-at="2021-03-22T15:11:43Z" finished-at="2021-03-22T15:11:43Z">
          <reporter-output>
          </reporter-output>
        </test-method> <!-- after -->
      </class> <!-- org.testng.test.TestNgAdactinHotel -->
    </test> <!-- Default test -->
  </suite> <!-- Default suite -->
</testng-results>
